2026-03-26T08:48:53.335+05:30  INFO 3580 --- [online-quiz-backend] [main] com.onlinequiz.OnlineQuizApplication     : Starting OnlineQuizApplication using Java 24.0.1 with PID 3580 (E:\zzzzzzzzzzzz\Online Quiz\backend\target\classes started by msuga in E:\zzzzzzzzzzzz\Online Quiz\backend)
2026-03-26T08:48:53.339+05:30 DEBUG 3580 --- [online-quiz-backend] [main] com.onlinequiz.OnlineQuizApplication     : Running with Spring Boot v3.2.4, Spring v6.1.5
2026-03-26T08:48:53.342+05:30  INFO 3580 --- [online-quiz-backend] [main] com.onlinequiz.OnlineQuizApplication     : No active profile set, falling back to 1 default profile: "default"
2026-03-26T08:48:55.036+05:30  INFO 3580 --- [online-quiz-backend] [main] .s.d.r.c.RepositoryConfigurationDelegate : Bootstrapping Spring Data JPA repositories in DEFAULT mode.
2026-03-26T08:48:55.201+05:30  INFO 3580 --- [online-quiz-backend] [main] .s.d.r.c.RepositoryConfigurationDelegate : Finished Spring Data repository scanning in 141 ms. Found 4 JPA repository interfaces.
2026-03-26T08:48:56.677+05:30  INFO 3580 --- [online-quiz-backend] [main] o.s.b.w.embedded.tomcat.TomcatWebServer  : Tomcat initialized with port 8080 (http)
2026-03-26T08:48:56.714+05:30  INFO 3580 --- [online-quiz-backend] [main] o.apache.catalina.core.StandardService   : Starting service [Tomcat]
2026-03-26T08:48:56.715+05:30  INFO 3580 --- [online-quiz-backend] [main] o.apache.catalina.core.StandardEngine    : Starting Servlet engine: [Apache Tomcat/10.1.19]
2026-03-26T08:48:56.859+05:30  INFO 3580 --- [online-quiz-backend] [main] o.a.c.c.C.[Tomcat].[localhost].[/]       : Initializing Spring embedded WebApplicationContext
2026-03-26T08:48:56.861+05:30  INFO 3580 --- [online-quiz-backend] [main] w.s.c.ServletWebServerApplicationContext : Root WebApplicationContext: initialization completed in 3374 ms
2026-03-26T08:48:57.188+05:30  INFO 3580 --- [online-quiz-backend] [main] o.hibernate.jpa.internal.util.LogHelper  : HHH000204: Processing PersistenceUnitInfo [name: default]
2026-03-26T08:48:57.303+05:30  INFO 3580 --- [online-quiz-backend] [main] org.hibernate.Version                    : HHH000412: Hibernate ORM core version 6.4.4.Final
2026-03-26T08:48:57.387+05:30  INFO 3580 --- [online-quiz-backend] [main] o.h.c.internal.RegionFactoryInitiator    : HHH000026: Second-level cache disabled
2026-03-26T08:48:57.968+05:30  INFO 3580 --- [online-quiz-backend] [main] o.s.o.j.p.SpringPersistenceUnitInfo      : No LoadTimeWeaver setup: ignoring JPA class transformer
2026-03-26T08:48:58.023+05:30  INFO 3580 --- [online-quiz-backend] [main] com.zaxxer.hikari.HikariDataSource       : HikariPool-1 - Starting...
2026-03-26T08:48:58.452+05:30  INFO 3580 --- [online-quiz-backend] [main] com.zaxxer.hikari.pool.HikariPool        : HikariPool-1 - Added connection com.mysql.cj.jdbc.ConnectionImpl@50a7c72b
2026-03-26T08:48:58.456+05:30  INFO 3580 --- [online-quiz-backend] [main] com.zaxxer.hikari.HikariDataSource       : HikariPool-1 - Start completed.
2026-03-26T08:49:00.690+05:30  INFO 3580 --- [online-quiz-backend] [main] o.h.e.t.j.p.i.JtaPlatformInitiator       : HHH000489: No JTA platform available (set 'hibernate.transaction.jta.platform' to enable JTA platform integration)
2026-03-26T08:49:00.884+05:30  INFO 3580 --- [online-quiz-backend] [main] j.LocalContainerEntityManagerFactoryBean : Initialized JPA EntityManagerFactory for persistence unit 'default'
2026-03-26T08:49:01.713+05:30 DEBUG 3580 --- [online-quiz-backend] [main] com.onlinequiz.security.JwtFilter        : Filter 'jwtFilter' configured for use
2026-03-26T08:49:02.295+05:30  WARN 3580 --- [online-quiz-backend] [main] JpaBaseConfiguration$JpaWebConfiguration : spring.jpa.open-in-view is enabled by default. Therefore, database queries may be performed during view rendering. Explicitly configure spring.jpa.open-in-view to disable this warning
2026-03-26T08:49:02.992+05:30  INFO 3580 --- [online-quiz-backend] [main] o.s.s.web.DefaultSecurityFilterChain     : Will secure any request with [org.springframework.security.web.session.DisableEncodeUrlFilter@42684d86, org.springframework.security.web.context.request.async.WebAsyncManagerIntegrationFilter@45a05350, org.springframework.security.web.context.SecurityContextHolderFilter@2389f546, org.springframework.security.web.header.HeaderWriterFilter@63541cd4, org.springframework.web.filter.CorsFilter@7d6a9d5e, org.springframework.security.web.authentication.logout.LogoutFilter@7a482b3a, com.onlinequiz.security.JwtFilter@8dc3019, org.springframework.security.web.savedrequest.RequestCacheAwareFilter@64745270, org.springframework.security.web.servletapi.SecurityContextHolderAwareRequestFilter@596d17f4, org.springframework.security.web.authentication.AnonymousAuthenticationFilter@74ed7111, org.springframework.security.web.session.SessionManagementFilter@5325674a, org.springframework.security.web.access.ExceptionTranslationFilter@5ce0f50a, org.springframework.security.web.access.intercept.AuthorizationFilter@981d9d2]
2026-03-26T08:49:03.604+05:30  INFO 3580 --- [online-quiz-backend] [main] o.s.b.w.embedded.tomcat.TomcatWebServer  : Tomcat started on port 8080 (http) with context path ''
2026-03-26T08:49:03.624+05:30  INFO 3580 --- [online-quiz-backend] [main] com.onlinequiz.OnlineQuizApplication     : Started OnlineQuizApplication in 11.295 seconds (process running for 12.195)
2026-03-26T08:49:03.923+05:30  INFO 3580 --- [online-quiz-backend] [main] .s.b.a.l.ConditionEvaluationReportLogger : 

Error starting ApplicationContext. To display the condition evaluation report re-run your application with 'debug' enabled.
2026-03-26T08:49:03.961+05:30 ERROR 3580 --- [online-quiz-backend] [main] o.s.b.d.LoggingFailureAnalysisReporter   : 

***************************
APPLICATION FAILED TO START
***************************

Description:

An attempt was made to call a method that does not exist. The attempt was made from the following location:

    com.onlinequiz.config.DataInitializer.run(DataInitializer.java:22)

The following method did not exist:

    'com.onlinequiz.entity.User$UserBuilder com.onlinequiz.entity.User.builder()'

The calling method's class, com.onlinequiz.config.DataInitializer, was loaded from the following location:

    file:/E:/zzzzzzzzzzzz/Online%20Quiz/backend/target/classes/com/onlinequiz/config/DataInitializer.class

The called method's class, com.onlinequiz.entity.User, is available from the following locations:

    file:/E:/zzzzzzzzzzzz/Online%20Quiz/backend/target/classes/com/onlinequiz/entity/User.class

The called method's class hierarchy was loaded from the following locations:

    com.onlinequiz.entity.User: file:/E:/zzzzzzzzzzzz/Online%20Quiz/backend/target/classes/


Action:

Correct the classpath of your application so that it contains compatible versions of the classes com.onlinequiz.config.DataInitializer and com.onlinequiz.entity.User

2026-03-26T08:49:03.985+05:30  INFO 3580 --- [online-quiz-backend] [main] j.LocalContainerEntityManagerFactoryBean : Closing JPA EntityManagerFactory for persistence unit 'default'
2026-03-26T08:49:03.992+05:30  INFO 3580 --- [online-quiz-backend] [main] com.zaxxer.hikari.HikariDataSource       : HikariPool-1 - Shutdown initiated...
2026-03-26T08:49:04.012+05:30  INFO 3580 --- [online-quiz-backend] [main] com.zaxxer.hikari.HikariDataSource       : HikariPool-1 - Shutdown completed.
2026-03-26T08:56:03.094+05:30  INFO 19136 --- [online-quiz-backend] [main] com.onlinequiz.OnlineQuizApplication     : Starting OnlineQuizApplication using Java 24.0.1 with PID 19136 (E:\zzzzzzzzzzzz\Online Quiz\backend\target\classes started by msuga in E:\zzzzzzzzzzzz\Online Quiz\backend)
2026-03-26T08:56:03.097+05:30 DEBUG 19136 --- [online-quiz-backend] [main] com.onlinequiz.OnlineQuizApplication     : Running with Spring Boot v3.2.4, Spring v6.1.5
2026-03-26T08:56:03.100+05:30  INFO 19136 --- [online-quiz-backend] [main] com.onlinequiz.OnlineQuizApplication     : No active profile set, falling back to 1 default profile: "default"
2026-03-26T08:56:04.753+05:30  INFO 19136 --- [online-quiz-backend] [main] .s.d.r.c.RepositoryConfigurationDelegate : Bootstrapping Spring Data JPA repositories in DEFAULT mode.
2026-03-26T08:56:04.912+05:30  INFO 19136 --- [online-quiz-backend] [main] .s.d.r.c.RepositoryConfigurationDelegate : Finished Spring Data repository scanning in 138 ms. Found 4 JPA repository interfaces.
2026-03-26T08:56:06.379+05:30  INFO 19136 --- [online-quiz-backend] [main] o.s.b.w.embedded.tomcat.TomcatWebServer  : Tomcat initialized with port 8080 (http)
2026-03-26T08:56:06.413+05:30  INFO 19136 --- [online-quiz-backend] [main] o.apache.catalina.core.StandardService   : Starting service [Tomcat]
2026-03-26T08:56:06.414+05:30  INFO 19136 --- [online-quiz-backend] [main] o.apache.catalina.core.StandardEngine    : Starting Servlet engine: [Apache Tomcat/10.1.19]
2026-03-26T08:56:06.579+05:30  INFO 19136 --- [online-quiz-backend] [main] o.a.c.c.C.[Tomcat].[localhost].[/]       : Initializing Spring embedded WebApplicationContext
2026-03-26T08:56:06.581+05:30  INFO 19136 --- [online-quiz-backend] [main] w.s.c.ServletWebServerApplicationContext : Root WebApplicationContext: initialization completed in 3345 ms
2026-03-26T08:56:06.918+05:30  INFO 19136 --- [online-quiz-backend] [main] o.hibernate.jpa.internal.util.LogHelper  : HHH000204: Processing PersistenceUnitInfo [name: default]
2026-03-26T08:56:07.098+05:30  INFO 19136 --- [online-quiz-backend] [main] org.hibernate.Version                    : HHH000412: Hibernate ORM core version 6.4.4.Final
2026-03-26T08:56:07.202+05:30  INFO 19136 --- [online-quiz-backend] [main] o.h.c.internal.RegionFactoryInitiator    : HHH000026: Second-level cache disabled
2026-03-26T08:56:07.858+05:30  INFO 19136 --- [online-quiz-backend] [main] o.s.o.j.p.SpringPersistenceUnitInfo      : No LoadTimeWeaver setup: ignoring JPA class transformer
2026-03-26T08:56:07.925+05:30  INFO 19136 --- [online-quiz-backend] [main] com.zaxxer.hikari.HikariDataSource       : HikariPool-1 - Starting...
2026-03-26T08:56:08.457+05:30  INFO 19136 --- [online-quiz-backend] [main] com.zaxxer.hikari.pool.HikariPool        : HikariPool-1 - Added connection com.mysql.cj.jdbc.ConnectionImpl@50a7c72b
2026-03-26T08:56:08.462+05:30  INFO 19136 --- [online-quiz-backend] [main] com.zaxxer.hikari.HikariDataSource       : HikariPool-1 - Start completed.
2026-03-26T08:56:10.985+05:30  INFO 19136 --- [online-quiz-backend] [main] o.h.e.t.j.p.i.JtaPlatformInitiator       : HHH000489: No JTA platform available (set 'hibernate.transaction.jta.platform' to enable JTA platform integration)
2026-03-26T08:56:11.235+05:30  INFO 19136 --- [online-quiz-backend] [main] j.LocalContainerEntityManagerFactoryBean : Initialized JPA EntityManagerFactory for persistence unit 'default'
2026-03-26T08:56:12.030+05:30 DEBUG 19136 --- [online-quiz-backend] [main] com.onlinequiz.security.JwtFilter        : Filter 'jwtFilter' configured for use
2026-03-26T08:56:12.581+05:30  WARN 19136 --- [online-quiz-backend] [main] JpaBaseConfiguration$JpaWebConfiguration : spring.jpa.open-in-view is enabled by default. Therefore, database queries may be performed during view rendering. Explicitly configure spring.jpa.open-in-view to disable this warning
2026-03-26T08:56:13.293+05:30  INFO 19136 --- [online-quiz-backend] [main] o.s.s.web.DefaultSecurityFilterChain     : Will secure any request with [org.springframework.security.web.session.DisableEncodeUrlFilter@1c80f8dd, org.springframework.security.web.context.request.async.WebAsyncManagerIntegrationFilter@51b2b3e6, org.springframework.security.web.context.SecurityContextHolderFilter@328e687e, org.springframework.security.web.header.HeaderWriterFilter@2bf0bb93, org.springframework.web.filter.CorsFilter@20e7152a, org.springframework.security.web.authentication.logout.LogoutFilter@20ddc780, com.onlinequiz.security.JwtFilter@4cb91fa4, org.springframework.security.web.savedrequest.RequestCacheAwareFilter@5c8e7687, org.springframework.security.web.servletapi.SecurityContextHolderAwareRequestFilter@2d093067, org.springframework.security.web.authentication.AnonymousAuthenticationFilter@202fd4c4, org.springframework.security.web.session.SessionManagementFilter@21fa19e4, org.springframework.security.web.access.ExceptionTranslationFilter@406d922, org.springframework.security.web.access.intercept.AuthorizationFilter@7747571c]
2026-03-26T08:56:13.944+05:30  INFO 19136 --- [online-quiz-backend] [main] o.s.b.w.embedded.tomcat.TomcatWebServer  : Tomcat started on port 8080 (http) with context path ''
2026-03-26T08:56:13.963+05:30  INFO 19136 --- [online-quiz-backend] [main] com.onlinequiz.OnlineQuizApplication     : Started OnlineQuizApplication in 11.979 seconds (process running for 12.864)
2026-03-26T08:56:14.625+05:30  INFO 19136 --- [online-quiz-backend] [main] com.onlinequiz.config.DataInitializer    : Admin user created: Admin123
2026-03-26T08:58:23.334+05:30  INFO 11936 --- [online-quiz-backend] [main] com.onlinequiz.OnlineQuizApplication     : Starting OnlineQuizApplication using Java 24.0.1 with PID 11936 (E:\zzzzzzzzzzzz\Online Quiz\backend\target\classes started by msuga in E:\zzzzzzzzzzzz\Online Quiz\backend)
2026-03-26T08:58:23.338+05:30 DEBUG 11936 --- [online-quiz-backend] [main] com.onlinequiz.OnlineQuizApplication     : Running with Spring Boot v3.2.4, Spring v6.1.5
2026-03-26T08:58:23.340+05:30  INFO 11936 --- [online-quiz-backend] [main] com.onlinequiz.OnlineQuizApplication     : No active profile set, falling back to 1 default profile: "default"
2026-03-26T08:58:24.962+05:30  INFO 11936 --- [online-quiz-backend] [main] .s.d.r.c.RepositoryConfigurationDelegate : Bootstrapping Spring Data JPA repositories in DEFAULT mode.
2026-03-26T08:58:25.131+05:30  INFO 11936 --- [online-quiz-backend] [main] .s.d.r.c.RepositoryConfigurationDelegate : Finished Spring Data repository scanning in 147 ms. Found 4 JPA repository interfaces.
2026-03-26T08:58:26.543+05:30  INFO 11936 --- [online-quiz-backend] [main] o.s.b.w.embedded.tomcat.TomcatWebServer  : Tomcat initialized with port 8080 (http)
2026-03-26T08:58:26.580+05:30  INFO 11936 --- [online-quiz-backend] [main] o.apache.catalina.core.StandardService   : Starting service [Tomcat]
2026-03-26T08:58:26.582+05:30  INFO 11936 --- [online-quiz-backend] [main] o.apache.catalina.core.StandardEngine    : Starting Servlet engine: [Apache Tomcat/10.1.19]
2026-03-26T08:58:26.788+05:30  INFO 11936 --- [online-quiz-backend] [main] o.a.c.c.C.[Tomcat].[localhost].[/]       : Initializing Spring embedded WebApplicationContext
2026-03-26T08:58:26.790+05:30  INFO 11936 --- [online-quiz-backend] [main] w.s.c.ServletWebServerApplicationContext : Root WebApplicationContext: initialization completed in 3337 ms
2026-03-26T08:58:27.091+05:30  INFO 11936 --- [online-quiz-backend] [main] o.hibernate.jpa.internal.util.LogHelper  : HHH000204: Processing PersistenceUnitInfo [name: default]
2026-03-26T08:58:27.237+05:30  INFO 11936 --- [online-quiz-backend] [main] org.hibernate.Version                    : HHH000412: Hibernate ORM core version 6.4.4.Final
2026-03-26T08:58:27.335+05:30  INFO 11936 --- [online-quiz-backend] [main] o.h.c.internal.RegionFactoryInitiator    : HHH000026: Second-level cache disabled
2026-03-26T08:58:27.955+05:30  INFO 11936 --- [online-quiz-backend] [main] o.s.o.j.p.SpringPersistenceUnitInfo      : No LoadTimeWeaver setup: ignoring JPA class transformer
2026-03-26T08:58:28.029+05:30  INFO 11936 --- [online-quiz-backend] [main] com.zaxxer.hikari.HikariDataSource       : HikariPool-1 - Starting...
2026-03-26T08:58:28.521+05:30  INFO 11936 --- [online-quiz-backend] [main] com.zaxxer.hikari.pool.HikariPool        : HikariPool-1 - Added connection com.mysql.cj.jdbc.ConnectionImpl@25214797
2026-03-26T08:58:28.526+05:30  INFO 11936 --- [online-quiz-backend] [main] com.zaxxer.hikari.HikariDataSource       : HikariPool-1 - Start completed.
2026-03-26T08:58:30.985+05:30  INFO 11936 --- [online-quiz-backend] [main] o.h.e.t.j.p.i.JtaPlatformInitiator       : HHH000489: No JTA platform available (set 'hibernate.transaction.jta.platform' to enable JTA platform integration)
2026-03-26T08:58:31.251+05:30  INFO 11936 --- [online-quiz-backend] [main] j.LocalContainerEntityManagerFactoryBean : Initialized JPA EntityManagerFactory for persistence unit 'default'
2026-03-26T08:58:32.074+05:30 DEBUG 11936 --- [online-quiz-backend] [main] com.onlinequiz.security.JwtFilter        : Filter 'jwtFilter' configured for use
2026-03-26T08:58:32.586+05:30  WARN 11936 --- [online-quiz-backend] [main] JpaBaseConfiguration$JpaWebConfiguration : spring.jpa.open-in-view is enabled by default. Therefore, database queries may be performed during view rendering. Explicitly configure spring.jpa.open-in-view to disable this warning
2026-03-26T08:58:33.273+05:30  INFO 11936 --- [online-quiz-backend] [main] o.s.s.web.DefaultSecurityFilterChain     : Will secure any request with [org.springframework.security.web.session.DisableEncodeUrlFilter@7e1ce99c, org.springframework.security.web.context.request.async.WebAsyncManagerIntegrationFilter@26f7b114, org.springframework.security.web.context.SecurityContextHolderFilter@4c1fed69, org.springframework.security.web.header.HeaderWriterFilter@70a91d72, org.springframework.web.filter.CorsFilter@209d0037, org.springframework.security.web.authentication.logout.LogoutFilter@6771efaa, com.onlinequiz.security.JwtFilter@3ee2d546, org.springframework.security.web.savedrequest.RequestCacheAwareFilter@2c955487, org.springframework.security.web.servletapi.SecurityContextHolderAwareRequestFilter@38ae69f7, org.springframework.security.web.authentication.AnonymousAuthenticationFilter@22f0e329, org.springframework.security.web.session.SessionManagementFilter@2bf0bb93, org.springframework.security.web.access.ExceptionTranslationFilter@779cb140, org.springframework.security.web.access.intercept.AuthorizationFilter@6c569caf]
2026-03-26T08:58:33.858+05:30  WARN 11936 --- [online-quiz-backend] [main] ConfigServletWebServerApplicationContext : Exception encountered during context initialization - cancelling refresh attempt: org.springframework.context.ApplicationContextException: Failed to start bean 'webServerStartStop'
2026-03-26T08:58:33.863+05:30  INFO 11936 --- [online-quiz-backend] [main] j.LocalContainerEntityManagerFactoryBean : Closing JPA EntityManagerFactory for persistence unit 'default'
2026-03-26T08:58:33.867+05:30  INFO 11936 --- [online-quiz-backend] [main] com.zaxxer.hikari.HikariDataSource       : HikariPool-1 - Shutdown initiated...
2026-03-26T08:58:33.883+05:30  INFO 11936 --- [online-quiz-backend] [main] com.zaxxer.hikari.HikariDataSource       : HikariPool-1 - Shutdown completed.
2026-03-26T08:58:33.911+05:30  INFO 11936 --- [online-quiz-backend] [main] .s.b.a.l.ConditionEvaluationReportLogger : 

Error starting ApplicationContext. To display the condition evaluation report re-run your application with 'debug' enabled.
2026-03-26T08:58:33.948+05:30 ERROR 11936 --- [online-quiz-backend] [main] o.s.b.d.LoggingFailureAnalysisReporter   : 

***************************
APPLICATION FAILED TO START
***************************

Description:

Web server failed to start. Port 8080 was already in use.

Action:

Identify and stop the process that's listening on port 8080 or configure this application to listen on another port.

2026-03-26T09:00:51.035+05:30  INFO 19436 --- [online-quiz-backend] [main] com.onlinequiz.OnlineQuizApplication     : Starting OnlineQuizApplication using Java 24.0.1 with PID 19436 (E:\zzzzzzzzzzzz\Online Quiz\backend\target\classes started by msuga in E:\zzzzzzzzzzzz\Online Quiz\backend)
2026-03-26T09:00:51.039+05:30 DEBUG 19436 --- [online-quiz-backend] [main] com.onlinequiz.OnlineQuizApplication     : Running with Spring Boot v3.2.4, Spring v6.1.5
2026-03-26T09:00:51.041+05:30  INFO 19436 --- [online-quiz-backend] [main] com.onlinequiz.OnlineQuizApplication     : No active profile set, falling back to 1 default profile: "default"
2026-03-26T09:00:52.432+05:30  INFO 19436 --- [online-quiz-backend] [main] .s.d.r.c.RepositoryConfigurationDelegate : Bootstrapping Spring Data JPA repositories in DEFAULT mode.
2026-03-26T09:00:52.597+05:30  INFO 19436 --- [online-quiz-backend] [main] .s.d.r.c.RepositoryConfigurationDelegate : Finished Spring Data repository scanning in 147 ms. Found 4 JPA repository interfaces.
2026-03-26T09:00:53.882+05:30  INFO 19436 --- [online-quiz-backend] [main] o.s.b.w.embedded.tomcat.TomcatWebServer  : Tomcat initialized with port 8080 (http)
2026-03-26T09:00:53.911+05:30  INFO 19436 --- [online-quiz-backend] [main] o.apache.catalina.core.StandardService   : Starting service [Tomcat]
2026-03-26T09:00:53.912+05:30  INFO 19436 --- [online-quiz-backend] [main] o.apache.catalina.core.StandardEngine    : Starting Servlet engine: [Apache Tomcat/10.1.19]
2026-03-26T09:00:54.042+05:30  INFO 19436 --- [online-quiz-backend] [main] o.a.c.c.C.[Tomcat].[localhost].[/]       : Initializing Spring embedded WebApplicationContext
2026-03-26T09:00:54.044+05:30  INFO 19436 --- [online-quiz-backend] [main] w.s.c.ServletWebServerApplicationContext : Root WebApplicationContext: initialization completed in 2889 ms
2026-03-26T09:00:54.378+05:30  INFO 19436 --- [online-quiz-backend] [main] o.hibernate.jpa.internal.util.LogHelper  : HHH000204: Processing PersistenceUnitInfo [name: default]
2026-03-26T09:00:54.533+05:30  INFO 19436 --- [online-quiz-backend] [main] org.hibernate.Version                    : HHH000412: Hibernate ORM core version 6.4.4.Final
2026-03-26T09:00:54.630+05:30  INFO 19436 --- [online-quiz-backend] [main] o.h.c.internal.RegionFactoryInitiator    : HHH000026: Second-level cache disabled
2026-03-26T09:00:55.274+05:30  INFO 19436 --- [online-quiz-backend] [main] o.s.o.j.p.SpringPersistenceUnitInfo      : No LoadTimeWeaver setup: ignoring JPA class transformer
2026-03-26T09:00:55.339+05:30  INFO 19436 --- [online-quiz-backend] [main] com.zaxxer.hikari.HikariDataSource       : HikariPool-1 - Starting...
2026-03-26T09:00:55.811+05:30  INFO 19436 --- [online-quiz-backend] [main] com.zaxxer.hikari.pool.HikariPool        : HikariPool-1 - Added connection com.mysql.cj.jdbc.ConnectionImpl@50a7c72b
2026-03-26T09:00:55.817+05:30  INFO 19436 --- [online-quiz-backend] [main] com.zaxxer.hikari.HikariDataSource       : HikariPool-1 - Start completed.
2026-03-26T09:00:58.694+05:30  INFO 19436 --- [online-quiz-backend] [main] o.h.e.t.j.p.i.JtaPlatformInitiator       : HHH000489: No JTA platform available (set 'hibernate.transaction.jta.platform' to enable JTA platform integration)
2026-03-26T09:00:58.936+05:30  INFO 19436 --- [online-quiz-backend] [main] j.LocalContainerEntityManagerFactoryBean : Initialized JPA EntityManagerFactory for persistence unit 'default'
2026-03-26T09:00:59.677+05:30 DEBUG 19436 --- [online-quiz-backend] [main] com.onlinequiz.security.JwtFilter        : Filter 'jwtFilter' configured for use
2026-03-26T09:01:00.172+05:30  WARN 19436 --- [online-quiz-backend] [main] JpaBaseConfiguration$JpaWebConfiguration : spring.jpa.open-in-view is enabled by default. Therefore, database queries may be performed during view rendering. Explicitly configure spring.jpa.open-in-view to disable this warning
2026-03-26T09:01:00.833+05:30  INFO 19436 --- [online-quiz-backend] [main] o.s.s.web.DefaultSecurityFilterChain     : Will secure any request with [org.springframework.security.web.session.DisableEncodeUrlFilter@20e7152a, org.springframework.security.web.context.request.async.WebAsyncManagerIntegrationFilter@202fd4c4, org.springframework.security.web.context.SecurityContextHolderFilter@5c8e7687, org.springframework.security.web.header.HeaderWriterFilter@11d0bff5, org.springframework.web.filter.CorsFilter@3b72860c, org.springframework.security.web.authentication.logout.LogoutFilter@4dc5b887, com.onlinequiz.security.JwtFilter@75d95b67, org.springframework.security.web.savedrequest.RequestCacheAwareFilter@6c056020, org.springframework.security.web.servletapi.SecurityContextHolderAwareRequestFilter@7cc842b0, org.springframework.security.web.authentication.AnonymousAuthenticationFilter@7f1b2f07, org.springframework.security.web.session.SessionManagementFilter@36a8ebca, org.springframework.security.web.access.ExceptionTranslationFilter@2bf0bb93, org.springframework.security.web.access.intercept.AuthorizationFilter@3f67f5ff]
2026-03-26T09:01:01.362+05:30  WARN 19436 --- [online-quiz-backend] [main] ConfigServletWebServerApplicationContext : Exception encountered during context initialization - cancelling refresh attempt: org.springframework.context.ApplicationContextException: Failed to start bean 'webServerStartStop'
2026-03-26T09:01:01.378+05:30  INFO 19436 --- [online-quiz-backend] [main] j.LocalContainerEntityManagerFactoryBean : Closing JPA EntityManagerFactory for persistence unit 'default'
2026-03-26T09:01:01.382+05:30  INFO 19436 --- [online-quiz-backend] [main] com.zaxxer.hikari.HikariDataSource       : HikariPool-1 - Shutdown initiated...
2026-03-26T09:01:01.399+05:30  INFO 19436 --- [online-quiz-backend] [main] com.zaxxer.hikari.HikariDataSource       : HikariPool-1 - Shutdown completed.
2026-03-26T09:01:01.427+05:30  INFO 19436 --- [online-quiz-backend] [main] .s.b.a.l.ConditionEvaluationReportLogger : 

Error starting ApplicationContext. To display the condition evaluation report re-run your application with 'debug' enabled.
2026-03-26T09:01:01.463+05:30 ERROR 19436 --- [online-quiz-backend] [main] o.s.b.d.LoggingFailureAnalysisReporter   : 

***************************
APPLICATION FAILED TO START
***************************

Description:

Web server failed to start. Port 8080 was already in use.

Action:

Identify and stop the process that's listening on port 8080 or configure this application to listen on another port.

2026-03-26T09:01:35.071+05:30  INFO 19136 --- [online-quiz-backend] [http-nio-8080-exec-1] o.a.c.c.C.[Tomcat].[localhost].[/]       : Initializing Spring DispatcherServlet 'dispatcherServlet'
2026-03-26T09:01:35.083+05:30  INFO 19136 --- [online-quiz-backend] [http-nio-8080-exec-1] o.s.web.servlet.DispatcherServlet        : Initializing Servlet 'dispatcherServlet'
2026-03-26T09:01:35.124+05:30  INFO 19136 --- [online-quiz-backend] [http-nio-8080-exec-1] o.s.web.servlet.DispatcherServlet        : Completed initialization in 38 ms
2026-03-26T09:02:09.826+05:30  INFO 19136 --- [online-quiz-backend] [SpringApplicationShutdownHook] j.LocalContainerEntityManagerFactoryBean : Closing JPA EntityManagerFactory for persistence unit 'default'
2026-03-26T09:02:09.851+05:30  INFO 19136 --- [online-quiz-backend] [SpringApplicationShutdownHook] com.zaxxer.hikari.HikariDataSource       : HikariPool-1 - Shutdown initiated...
2026-03-26T09:02:09.884+05:30  INFO 19136 --- [online-quiz-backend] [SpringApplicationShutdownHook] com.zaxxer.hikari.HikariDataSource       : HikariPool-1 - Shutdown completed.
2026-03-26T09:02:52.872+05:30  INFO 11384 --- [online-quiz-backend] [main] com.onlinequiz.OnlineQuizApplication     : Starting OnlineQuizApplication using Java 24.0.1 with PID 11384 (E:\zzzzzzzzzzzz\Online Quiz\backend\target\classes started by msuga in E:\zzzzzzzzzzzz\Online Quiz\backend)
2026-03-26T09:02:52.876+05:30 DEBUG 11384 --- [online-quiz-backend] [main] com.onlinequiz.OnlineQuizApplication     : Running with Spring Boot v3.2.4, Spring v6.1.5
2026-03-26T09:02:52.878+05:30  INFO 11384 --- [online-quiz-backend] [main] com.onlinequiz.OnlineQuizApplication     : No active profile set, falling back to 1 default profile: "default"
2026-03-26T09:02:54.315+05:30  INFO 11384 --- [online-quiz-backend] [main] .s.d.r.c.RepositoryConfigurationDelegate : Bootstrapping Spring Data JPA repositories in DEFAULT mode.
2026-03-26T09:02:54.448+05:30  INFO 11384 --- [online-quiz-backend] [main] .s.d.r.c.RepositoryConfigurationDelegate : Finished Spring Data repository scanning in 112 ms. Found 4 JPA repository interfaces.
2026-03-26T09:02:55.612+05:30  INFO 11384 --- [online-quiz-backend] [main] o.s.b.w.embedded.tomcat.TomcatWebServer  : Tomcat initialized with port 8080 (http)
2026-03-26T09:02:55.640+05:30  INFO 11384 --- [online-quiz-backend] [main] o.apache.catalina.core.StandardService   : Starting service [Tomcat]
2026-03-26T09:02:55.641+05:30  INFO 11384 --- [online-quiz-backend] [main] o.apache.catalina.core.StandardEngine    : Starting Servlet engine: [Apache Tomcat/10.1.19]
2026-03-26T09:02:55.762+05:30  INFO 11384 --- [online-quiz-backend] [main] o.a.c.c.C.[Tomcat].[localhost].[/]       : Initializing Spring embedded WebApplicationContext
2026-03-26T09:02:55.772+05:30  INFO 11384 --- [online-quiz-backend] [main] w.s.c.ServletWebServerApplicationContext : Root WebApplicationContext: initialization completed in 2786 ms
2026-03-26T09:02:56.062+05:30  INFO 11384 --- [online-quiz-backend] [main] o.hibernate.jpa.internal.util.LogHelper  : HHH000204: Processing PersistenceUnitInfo [name: default]
2026-03-26T09:02:56.168+05:30  INFO 11384 --- [online-quiz-backend] [main] org.hibernate.Version                    : HHH000412: Hibernate ORM core version 6.4.4.Final
2026-03-26T09:02:56.239+05:30  INFO 11384 --- [online-quiz-backend] [main] o.h.c.internal.RegionFactoryInitiator    : HHH000026: Second-level cache disabled
2026-03-26T09:02:56.700+05:30  INFO 11384 --- [online-quiz-backend] [main] o.s.o.j.p.SpringPersistenceUnitInfo      : No LoadTimeWeaver setup: ignoring JPA class transformer
2026-03-26T09:02:56.755+05:30  INFO 11384 --- [online-quiz-backend] [main] com.zaxxer.hikari.HikariDataSource       : HikariPool-1 - Starting...
2026-03-26T09:02:57.117+05:30  INFO 11384 --- [online-quiz-backend] [main] com.zaxxer.hikari.pool.HikariPool        : HikariPool-1 - Added connection com.mysql.cj.jdbc.ConnectionImpl@50a7c72b
2026-03-26T09:02:57.121+05:30  INFO 11384 --- [online-quiz-backend] [main] com.zaxxer.hikari.HikariDataSource       : HikariPool-1 - Start completed.
2026-03-26T09:02:59.249+05:30  INFO 11384 --- [online-quiz-backend] [main] o.h.e.t.j.p.i.JtaPlatformInitiator       : HHH000489: No JTA platform available (set 'hibernate.transaction.jta.platform' to enable JTA platform integration)
2026-03-26T09:02:59.442+05:30  INFO 11384 --- [online-quiz-backend] [main] j.LocalContainerEntityManagerFactoryBean : Initialized JPA EntityManagerFactory for persistence unit 'default'
2026-03-26T09:03:00.141+05:30 DEBUG 11384 --- [online-quiz-backend] [main] com.onlinequiz.security.JwtFilter        : Filter 'jwtFilter' configured for use
2026-03-26T09:03:00.661+05:30  WARN 11384 --- [online-quiz-backend] [main] JpaBaseConfiguration$JpaWebConfiguration : spring.jpa.open-in-view is enabled by default. Therefore, database queries may be performed during view rendering. Explicitly configure spring.jpa.open-in-view to disable this warning
2026-03-26T09:03:01.341+05:30  INFO 11384 --- [online-quiz-backend] [main] o.s.s.web.DefaultSecurityFilterChain     : Will secure any request with [org.springframework.security.web.session.DisableEncodeUrlFilter@20e7152a, org.springframework.security.web.context.request.async.WebAsyncManagerIntegrationFilter@202fd4c4, org.springframework.security.web.context.SecurityContextHolderFilter@5c8e7687, org.springframework.security.web.header.HeaderWriterFilter@11d0bff5, org.springframework.web.filter.CorsFilter@3b72860c, org.springframework.security.web.authentication.logout.LogoutFilter@4dc5b887, com.onlinequiz.security.JwtFilter@75d95b67, org.springframework.security.web.savedrequest.RequestCacheAwareFilter@6c056020, org.springframework.security.web.servletapi.SecurityContextHolderAwareRequestFilter@7cc842b0, org.springframework.security.web.authentication.AnonymousAuthenticationFilter@7f1b2f07, org.springframework.security.web.session.SessionManagementFilter@36a8ebca, org.springframework.security.web.access.ExceptionTranslationFilter@2bf0bb93, org.springframework.security.web.access.intercept.AuthorizationFilter@3f67f5ff]
2026-03-26T09:03:01.903+05:30  INFO 11384 --- [online-quiz-backend] [main] o.s.b.w.embedded.tomcat.TomcatWebServer  : Tomcat started on port 8080 (http) with context path ''
2026-03-26T09:03:01.923+05:30  INFO 11384 --- [online-quiz-backend] [main] com.onlinequiz.OnlineQuizApplication     : Started OnlineQuizApplication in 9.949 seconds (process running for 10.684)
2026-03-26T09:03:02.221+05:30  INFO 11384 --- [online-quiz-backend] [main] com.onlinequiz.config.DataInitializer    : Admin user already exists
2026-03-26T09:03:35.757+05:30  INFO 11384 --- [online-quiz-backend] [http-nio-8080-exec-1] o.a.c.c.C.[Tomcat].[localhost].[/]       : Initializing Spring DispatcherServlet 'dispatcherServlet'
2026-03-26T09:03:35.758+05:30  INFO 11384 --- [online-quiz-backend] [http-nio-8080-exec-1] o.s.web.servlet.DispatcherServlet        : Initializing Servlet 'dispatcherServlet'
2026-03-26T09:03:35.762+05:30  INFO 11384 --- [online-quiz-backend] [http-nio-8080-exec-1] o.s.web.servlet.DispatcherServlet        : Completed initialization in 4 ms
2026-03-26T09:07:21.843+05:30  INFO 11384 --- [online-quiz-backend] [SpringApplicationShutdownHook] j.LocalContainerEntityManagerFactoryBean : Closing JPA EntityManagerFactory for persistence unit 'default'
2026-03-26T09:07:21.849+05:30  INFO 11384 --- [online-quiz-backend] [SpringApplicationShutdownHook] com.zaxxer.hikari.HikariDataSource       : HikariPool-1 - Shutdown initiated...
2026-03-26T09:07:21.866+05:30  INFO 11384 --- [online-quiz-backend] [SpringApplicationShutdownHook] com.zaxxer.hikari.HikariDataSource       : HikariPool-1 - Shutdown completed.
2026-03-26T09:07:40.766+05:30  INFO 5048 --- [online-quiz-backend] [main] com.onlinequiz.OnlineQuizApplication     : Starting OnlineQuizApplication using Java 24.0.1 with PID 5048 (E:\zzzzzzzzzzzz\Online Quiz\backend\target\classes started by msuga in E:\zzzzzzzzzzzz\Online Quiz\backend)
2026-03-26T09:07:40.771+05:30 DEBUG 5048 --- [online-quiz-backend] [main] com.onlinequiz.OnlineQuizApplication     : Running with Spring Boot v3.2.4, Spring v6.1.5
2026-03-26T09:07:40.774+05:30  INFO 5048 --- [online-quiz-backend] [main] com.onlinequiz.OnlineQuizApplication     : No active profile set, falling back to 1 default profile: "default"
2026-03-26T09:07:42.241+05:30  INFO 5048 --- [online-quiz-backend] [main] .s.d.r.c.RepositoryConfigurationDelegate : Bootstrapping Spring Data JPA repositories in DEFAULT mode.
2026-03-26T09:07:42.368+05:30  INFO 5048 --- [online-quiz-backend] [main] .s.d.r.c.RepositoryConfigurationDelegate : Finished Spring Data repository scanning in 110 ms. Found 4 JPA repository interfaces.
2026-03-26T09:07:43.571+05:30  INFO 5048 --- [online-quiz-backend] [main] o.s.b.w.embedded.tomcat.TomcatWebServer  : Tomcat initialized with port 8080 (http)
2026-03-26T09:07:43.594+05:30  INFO 5048 --- [online-quiz-backend] [main] o.apache.catalina.core.StandardService   : Starting service [Tomcat]
2026-03-26T09:07:43.595+05:30  INFO 5048 --- [online-quiz-backend] [main] o.apache.catalina.core.StandardEngine    : Starting Servlet engine: [Apache Tomcat/10.1.19]
2026-03-26T09:07:43.716+05:30  INFO 5048 --- [online-quiz-backend] [main] o.a.c.c.C.[Tomcat].[localhost].[/]       : Initializing Spring embedded WebApplicationContext
2026-03-26T09:07:43.717+05:30  INFO 5048 --- [online-quiz-backend] [main] w.s.c.ServletWebServerApplicationContext : Root WebApplicationContext: initialization completed in 2806 ms
2026-03-26T09:07:43.998+05:30  INFO 5048 --- [online-quiz-backend] [main] o.hibernate.jpa.internal.util.LogHelper  : HHH000204: Processing PersistenceUnitInfo [name: default]
2026-03-26T09:07:44.097+05:30  INFO 5048 --- [online-quiz-backend] [main] org.hibernate.Version                    : HHH000412: Hibernate ORM core version 6.4.4.Final
2026-03-26T09:07:44.167+05:30  INFO 5048 --- [online-quiz-backend] [main] o.h.c.internal.RegionFactoryInitiator    : HHH000026: Second-level cache disabled
2026-03-26T09:07:44.618+05:30  INFO 5048 --- [online-quiz-backend] [main] o.s.o.j.p.SpringPersistenceUnitInfo      : No LoadTimeWeaver setup: ignoring JPA class transformer
2026-03-26T09:07:44.672+05:30  INFO 5048 --- [online-quiz-backend] [main] com.zaxxer.hikari.HikariDataSource       : HikariPool-1 - Starting...
2026-03-26T09:07:45.038+05:30  INFO 5048 --- [online-quiz-backend] [main] com.zaxxer.hikari.pool.HikariPool        : HikariPool-1 - Added connection com.mysql.cj.jdbc.ConnectionImpl@4e5c8ef3
2026-03-26T09:07:45.042+05:30  INFO 5048 --- [online-quiz-backend] [main] com.zaxxer.hikari.HikariDataSource       : HikariPool-1 - Start completed.
2026-03-26T09:07:47.035+05:30  INFO 5048 --- [online-quiz-backend] [main] o.h.e.t.j.p.i.JtaPlatformInitiator       : HHH000489: No JTA platform available (set 'hibernate.transaction.jta.platform' to enable JTA platform integration)
2026-03-26T09:07:47.243+05:30  INFO 5048 --- [online-quiz-backend] [main] j.LocalContainerEntityManagerFactoryBean : Initialized JPA EntityManagerFactory for persistence unit 'default'
2026-03-26T09:07:48.004+05:30 DEBUG 5048 --- [online-quiz-backend] [main] com.onlinequiz.security.JwtFilter        : Filter 'jwtFilter' configured for use
2026-03-26T09:07:48.545+05:30  WARN 5048 --- [online-quiz-backend] [main] JpaBaseConfiguration$JpaWebConfiguration : spring.jpa.open-in-view is enabled by default. Therefore, database queries may be performed during view rendering. Explicitly configure spring.jpa.open-in-view to disable this warning
2026-03-26T09:07:49.230+05:30  INFO 5048 --- [online-quiz-backend] [main] o.s.s.web.DefaultSecurityFilterChain     : Will secure any request with [org.springframework.security.web.session.DisableEncodeUrlFilter@20ddc780, org.springframework.security.web.context.request.async.WebAsyncManagerIntegrationFilter@6889e714, org.springframework.security.web.context.SecurityContextHolderFilter@623d222, org.springframework.security.web.header.HeaderWriterFilter@3b9c05f, org.springframework.web.filter.CorsFilter@4dc5b887, org.springframework.security.web.authentication.logout.LogoutFilter@159a0f0e, com.onlinequiz.security.JwtFilter@58be583e, org.springframework.security.web.savedrequest.RequestCacheAwareFilter@4b3eaf39, org.springframework.security.web.servletapi.SecurityContextHolderAwareRequestFilter@d6879bf, org.springframework.security.web.authentication.AnonymousAuthenticationFilter@3b7dd173, org.springframework.security.web.session.SessionManagementFilter@2c955487, org.springframework.security.web.access.ExceptionTranslationFilter@27adb90f, org.springframework.security.web.access.intercept.AuthorizationFilter@209d0037]
2026-03-26T09:07:49.802+05:30  INFO 5048 --- [online-quiz-backend] [main] o.s.b.w.embedded.tomcat.TomcatWebServer  : Tomcat started on port 8080 (http) with context path ''
2026-03-26T09:07:49.822+05:30  INFO 5048 --- [online-quiz-backend] [main] com.onlinequiz.OnlineQuizApplication     : Started OnlineQuizApplication in 10.089 seconds (process running for 10.817)
2026-03-26T09:07:50.102+05:30  INFO 5048 --- [online-quiz-backend] [main] com.onlinequiz.config.DataInitializer    : Admin user already exists
2026-03-26T09:08:16.004+05:30  INFO 5048 --- [online-quiz-backend] [http-nio-8080-exec-1] o.a.c.c.C.[Tomcat].[localhost].[/]       : Initializing Spring DispatcherServlet 'dispatcherServlet'
2026-03-26T09:08:16.005+05:30  INFO 5048 --- [online-quiz-backend] [http-nio-8080-exec-1] o.s.web.servlet.DispatcherServlet        : Initializing Servlet 'dispatcherServlet'
2026-03-26T09:08:16.010+05:30  INFO 5048 --- [online-quiz-backend] [http-nio-8080-exec-1] o.s.web.servlet.DispatcherServlet        : Completed initialization in 4 ms
2026-03-26T09:13:01.409+05:30  INFO 5048 --- [online-quiz-backend] [SpringApplicationShutdownHook] j.LocalContainerEntityManagerFactoryBean : Closing JPA EntityManagerFactory for persistence unit 'default'
2026-03-26T09:13:01.415+05:30  INFO 5048 --- [online-quiz-backend] [SpringApplicationShutdownHook] com.zaxxer.hikari.HikariDataSource       : HikariPool-1 - Shutdown initiated...
2026-03-26T09:13:01.447+05:30  INFO 5048 --- [online-quiz-backend] [SpringApplicationShutdownHook] com.zaxxer.hikari.HikariDataSource       : HikariPool-1 - Shutdown completed.
2026-03-26T11:13:57.799+05:30  INFO 12240 --- [online-quiz-backend] [main] com.onlinequiz.OnlineQuizApplication     : Starting OnlineQuizApplication using Java 24.0.1 with PID 12240 (E:\zzzzzzzzzzzz\Online Quiz\backend\target\classes started by msuga in E:\zzzzzzzzzzzz\Online Quiz\backend)
2026-03-26T11:13:57.804+05:30 DEBUG 12240 --- [online-quiz-backend] [main] com.onlinequiz.OnlineQuizApplication     : Running with Spring Boot v3.2.4, Spring v6.1.5
2026-03-26T11:13:57.806+05:30  INFO 12240 --- [online-quiz-backend] [main] com.onlinequiz.OnlineQuizApplication     : No active profile set, falling back to 1 default profile: "default"
2026-03-26T11:14:00.130+05:30  INFO 12240 --- [online-quiz-backend] [main] .s.d.r.c.RepositoryConfigurationDelegate : Bootstrapping Spring Data JPA repositories in DEFAULT mode.
2026-03-26T11:14:00.344+05:30  INFO 12240 --- [online-quiz-backend] [main] .s.d.r.c.RepositoryConfigurationDelegate : Finished Spring Data repository scanning in 188 ms. Found 4 JPA repository interfaces.
2026-03-26T11:14:02.349+05:30  INFO 12240 --- [online-quiz-backend] [main] o.s.b.w.embedded.tomcat.TomcatWebServer  : Tomcat initialized with port 8080 (http)
2026-03-26T11:14:02.392+05:30  INFO 12240 --- [online-quiz-backend] [main] o.apache.catalina.core.StandardService   : Starting service [Tomcat]
2026-03-26T11:14:02.393+05:30  INFO 12240 --- [online-quiz-backend] [main] o.apache.catalina.core.StandardEngine    : Starting Servlet engine: [Apache Tomcat/10.1.19]
2026-03-26T11:14:02.628+05:30  INFO 12240 --- [online-quiz-backend] [main] o.a.c.c.C.[Tomcat].[localhost].[/]       : Initializing Spring embedded WebApplicationContext
2026-03-26T11:14:02.629+05:30  INFO 12240 --- [online-quiz-backend] [main] w.s.c.ServletWebServerApplicationContext : Root WebApplicationContext: initialization completed in 4672 ms
2026-03-26T11:14:03.124+05:30  INFO 12240 --- [online-quiz-backend] [main] o.hibernate.jpa.internal.util.LogHelper  : HHH000204: Processing PersistenceUnitInfo [name: default]
2026-03-26T11:14:03.336+05:30  INFO 12240 --- [online-quiz-backend] [main] org.hibernate.Version                    : HHH000412: Hibernate ORM core version 6.4.4.Final
2026-03-26T11:14:03.450+05:30  INFO 12240 --- [online-quiz-backend] [main] o.h.c.internal.RegionFactoryInitiator    : HHH000026: Second-level cache disabled
2026-03-26T11:14:04.200+05:30  INFO 12240 --- [online-quiz-backend] [main] o.s.o.j.p.SpringPersistenceUnitInfo      : No LoadTimeWeaver setup: ignoring JPA class transformer
2026-03-26T11:14:04.308+05:30  INFO 12240 --- [online-quiz-backend] [main] com.zaxxer.hikari.HikariDataSource       : HikariPool-1 - Starting...
2026-03-26T11:14:05.098+05:30  INFO 12240 --- [online-quiz-backend] [main] com.zaxxer.hikari.pool.HikariPool        : HikariPool-1 - Added connection com.mysql.cj.jdbc.ConnectionImpl@6775c0d1
2026-03-26T11:14:05.104+05:30  INFO 12240 --- [online-quiz-backend] [main] com.zaxxer.hikari.HikariDataSource       : HikariPool-1 - Start completed.
2026-03-26T11:14:08.515+05:30  INFO 12240 --- [online-quiz-backend] [main] o.h.e.t.j.p.i.JtaPlatformInitiator       : HHH000489: No JTA platform available (set 'hibernate.transaction.jta.platform' to enable JTA platform integration)
2026-03-26T11:14:08.994+05:30  INFO 12240 --- [online-quiz-backend] [main] j.LocalContainerEntityManagerFactoryBean : Initialized JPA EntityManagerFactory for persistence unit 'default'
2026-03-26T11:14:10.087+05:30 DEBUG 12240 --- [online-quiz-backend] [main] com.onlinequiz.security.JwtFilter        : Filter 'jwtFilter' configured for use
2026-03-26T11:14:10.791+05:30  WARN 12240 --- [online-quiz-backend] [main] JpaBaseConfiguration$JpaWebConfiguration : spring.jpa.open-in-view is enabled by default. Therefore, database queries may be performed during view rendering. Explicitly configure spring.jpa.open-in-view to disable this warning
2026-03-26T11:14:11.840+05:30  INFO 12240 --- [online-quiz-backend] [main] o.s.s.web.DefaultSecurityFilterChain     : Will secure any request with [org.springframework.security.web.session.DisableEncodeUrlFilter@14af57c3, org.springframework.security.web.context.request.async.WebAsyncManagerIntegrationFilter@795949fb, org.springframework.security.web.context.SecurityContextHolderFilter@20e7152a, org.springframework.security.web.header.HeaderWriterFilter@5f6ba085, org.springframework.web.filter.CorsFilter@2aeb3f3b, org.springframework.security.web.authentication.logout.LogoutFilter@2a7b4bb6, com.onlinequiz.security.JwtFilter@4cd9ee2c, org.springframework.security.web.savedrequest.RequestCacheAwareFilter@3b72860c, org.springframework.security.web.servletapi.SecurityContextHolderAwareRequestFilter@7f1b2f07, org.springframework.security.web.authentication.AnonymousAuthenticationFilter@281028ce, org.springframework.security.web.session.SessionManagementFilter@3f67f5ff, org.springframework.security.web.access.ExceptionTranslationFilter@6c569caf, org.springframework.security.web.access.intercept.AuthorizationFilter@7fa2473a]
2026-03-26T11:14:12.581+05:30  INFO 12240 --- [online-quiz-backend] [main] o.s.b.w.embedded.tomcat.TomcatWebServer  : Tomcat started on port 8080 (http) with context path ''
2026-03-26T11:14:12.604+05:30  INFO 12240 --- [online-quiz-backend] [main] com.onlinequiz.OnlineQuizApplication     : Started OnlineQuizApplication in 16.001 seconds (process running for 17.001)
2026-03-26T11:14:13.041+05:30  INFO 12240 --- [online-quiz-backend] [main] com.onlinequiz.config.DataInitializer    : Admin user already exists
2026-03-26T11:19:48.954+05:30  INFO 12240 --- [online-quiz-backend] [http-nio-8080-exec-1] o.a.c.c.C.[Tomcat].[localhost].[/]       : Initializing Spring DispatcherServlet 'dispatcherServlet'
2026-03-26T11:19:48.985+05:30  INFO 12240 --- [online-quiz-backend] [http-nio-8080-exec-1] o.s.web.servlet.DispatcherServlet        : Initializing Servlet 'dispatcherServlet'
2026-03-26T11:19:49.111+05:30  INFO 12240 --- [online-quiz-backend] [http-nio-8080-exec-1] o.s.web.servlet.DispatcherServlet        : Completed initialization in 124 ms
2026-03-26T11:30:58.892+05:30  INFO 12240 --- [online-quiz-backend] [SpringApplicationShutdownHook] j.LocalContainerEntityManagerFactoryBean : Closing JPA EntityManagerFactory for persistence unit 'default'
2026-03-26T11:30:58.928+05:30  INFO 12240 --- [online-quiz-backend] [SpringApplicationShutdownHook] com.zaxxer.hikari.HikariDataSource       : HikariPool-1 - Shutdown initiated...
2026-03-26T11:30:58.961+05:30  INFO 12240 --- [online-quiz-backend] [SpringApplicationShutdownHook] com.zaxxer.hikari.HikariDataSource       : HikariPool-1 - Shutdown completed.
2026-03-26T11:41:12.836+05:30  INFO 17868 --- [online-quiz-backend] [main] com.onlinequiz.OnlineQuizApplication     : Starting OnlineQuizApplication using Java 24.0.1 with PID 17868 (E:\zzzzzzzzzzzz\Online Quiz\backend\target\classes started by msuga in E:\zzzzzzzzzzzz\Online Quiz\backend)
2026-03-26T11:41:12.840+05:30 DEBUG 17868 --- [online-quiz-backend] [main] com.onlinequiz.OnlineQuizApplication     : Running with Spring Boot v3.2.4, Spring v6.1.5
2026-03-26T11:41:12.841+05:30  INFO 17868 --- [online-quiz-backend] [main] com.onlinequiz.OnlineQuizApplication     : No active profile set, falling back to 1 default profile: "default"
2026-03-26T11:41:14.820+05:30  INFO 17868 --- [online-quiz-backend] [main] .s.d.r.c.RepositoryConfigurationDelegate : Bootstrapping Spring Data JPA repositories in DEFAULT mode.
2026-03-26T11:41:15.036+05:30  INFO 17868 --- [online-quiz-backend] [main] .s.d.r.c.RepositoryConfigurationDelegate : Finished Spring Data repository scanning in 190 ms. Found 4 JPA repository interfaces.
2026-03-26T11:41:17.021+05:30  INFO 17868 --- [online-quiz-backend] [main] o.s.b.w.embedded.tomcat.TomcatWebServer  : Tomcat initialized with port 8080 (http)
2026-03-26T11:41:17.072+05:30  INFO 17868 --- [online-quiz-backend] [main] o.apache.catalina.core.StandardService   : Starting service [Tomcat]
2026-03-26T11:41:17.074+05:30  INFO 17868 --- [online-quiz-backend] [main] o.apache.catalina.core.StandardEngine    : Starting Servlet engine: [Apache Tomcat/10.1.19]
2026-03-26T11:41:17.304+05:30  INFO 17868 --- [online-quiz-backend] [main] o.a.c.c.C.[Tomcat].[localhost].[/]       : Initializing Spring embedded WebApplicationContext
2026-03-26T11:41:17.305+05:30  INFO 17868 --- [online-quiz-backend] [main] w.s.c.ServletWebServerApplicationContext : Root WebApplicationContext: initialization completed in 4349 ms
2026-03-26T11:41:17.721+05:30  INFO 17868 --- [online-quiz-backend] [main] o.hibernate.jpa.internal.util.LogHelper  : HHH000204: Processing PersistenceUnitInfo [name: default]
2026-03-26T11:41:17.898+05:30  INFO 17868 --- [online-quiz-backend] [main] org.hibernate.Version                    : HHH000412: Hibernate ORM core version 6.4.4.Final
2026-03-26T11:41:18.027+05:30  INFO 17868 --- [online-quiz-backend] [main] o.h.c.internal.RegionFactoryInitiator    : HHH000026: Second-level cache disabled
2026-03-26T11:41:18.721+05:30  INFO 17868 --- [online-quiz-backend] [main] o.s.o.j.p.SpringPersistenceUnitInfo      : No LoadTimeWeaver setup: ignoring JPA class transformer
2026-03-26T11:41:18.791+05:30  INFO 17868 --- [online-quiz-backend] [main] com.zaxxer.hikari.HikariDataSource       : HikariPool-1 - Starting...
2026-03-26T11:41:19.382+05:30  INFO 17868 --- [online-quiz-backend] [main] com.zaxxer.hikari.pool.HikariPool        : HikariPool-1 - Added connection com.mysql.cj.jdbc.ConnectionImpl@394a6d2b
2026-03-26T11:41:19.387+05:30  INFO 17868 --- [online-quiz-backend] [main] com.zaxxer.hikari.HikariDataSource       : HikariPool-1 - Start completed.
2026-03-26T11:41:22.263+05:30  INFO 17868 --- [online-quiz-backend] [main] o.h.e.t.j.p.i.JtaPlatformInitiator       : HHH000489: No JTA platform available (set 'hibernate.transaction.jta.platform' to enable JTA platform integration)
2026-03-26T11:41:22.568+05:30  INFO 17868 --- [online-quiz-backend] [main] j.LocalContainerEntityManagerFactoryBean : Initialized JPA EntityManagerFactory for persistence unit 'default'
2026-03-26T11:41:23.568+05:30 DEBUG 17868 --- [online-quiz-backend] [main] com.onlinequiz.security.JwtFilter        : Filter 'jwtFilter' configured for use
2026-03-26T11:41:24.203+05:30  WARN 17868 --- [online-quiz-backend] [main] JpaBaseConfiguration$JpaWebConfiguration : spring.jpa.open-in-view is enabled by default. Therefore, database queries may be performed during view rendering. Explicitly configure spring.jpa.open-in-view to disable this warning
2026-03-26T11:41:25.025+05:30  INFO 17868 --- [online-quiz-backend] [main] o.s.s.web.DefaultSecurityFilterChain     : Will secure any request with [org.springframework.security.web.session.DisableEncodeUrlFilter@73072745, org.springframework.security.web.context.request.async.WebAsyncManagerIntegrationFilter@4bdbfbc6, org.springframework.security.web.context.SecurityContextHolderFilter@6c569caf, org.springframework.security.web.header.HeaderWriterFilter@6c056020, org.springframework.web.filter.CorsFilter@79735611, org.springframework.security.web.authentication.logout.LogoutFilter@7c9c7e7d, com.onlinequiz.security.JwtFilter@36e98434, org.springframework.security.web.savedrequest.RequestCacheAwareFilter@5f6ba085, org.springframework.security.web.servletapi.SecurityContextHolderAwareRequestFilter@7e1ce99c, org.springframework.security.web.authentication.AnonymousAuthenticationFilter@758ac46, org.springframework.security.web.session.SessionManagementFilter@6484364f, org.springframework.security.web.access.ExceptionTranslationFilter@5c8e7687, org.springframework.security.web.access.intercept.AuthorizationFilter@8961e55]
2026-03-26T11:41:25.804+05:30  INFO 17868 --- [online-quiz-backend] [main] o.s.b.w.embedded.tomcat.TomcatWebServer  : Tomcat started on port 8080 (http) with context path ''
2026-03-26T11:41:25.830+05:30  INFO 17868 --- [online-quiz-backend] [main] com.onlinequiz.OnlineQuizApplication     : Started OnlineQuizApplication in 14.098 seconds (process running for 14.942)
2026-03-26T11:41:26.198+05:30  INFO 17868 --- [online-quiz-backend] [main] com.onlinequiz.config.DataInitializer    : Admin user already exists
2026-03-26T11:41:41.782+05:30  INFO 17868 --- [online-quiz-backend] [http-nio-8080-exec-1] o.a.c.c.C.[Tomcat].[localhost].[/]       : Initializing Spring DispatcherServlet 'dispatcherServlet'
2026-03-26T11:41:41.785+05:30  INFO 17868 --- [online-quiz-backend] [http-nio-8080-exec-1] o.s.web.servlet.DispatcherServlet        : Initializing Servlet 'dispatcherServlet'
2026-03-26T11:41:41.787+05:30  INFO 17868 --- [online-quiz-backend] [http-nio-8080-exec-1] o.s.web.servlet.DispatcherServlet        : Completed initialization in 2 ms
2026-03-26T11:51:09.821+05:30  INFO 17868 --- [online-quiz-backend] [SpringApplicationShutdownHook] j.LocalContainerEntityManagerFactoryBean : Closing JPA EntityManagerFactory for persistence unit 'default'
2026-03-26T11:51:09.829+05:30  INFO 17868 --- [online-quiz-backend] [SpringApplicationShutdownHook] com.zaxxer.hikari.HikariDataSource       : HikariPool-1 - Shutdown initiated...
2026-03-26T11:51:09.863+05:30  INFO 17868 --- [online-quiz-backend] [SpringApplicationShutdownHook] com.zaxxer.hikari.HikariDataSource       : HikariPool-1 - Shutdown completed.
2026-03-26T11:58:27.852+05:30  INFO 9560 --- [online-quiz-backend] [main] com.onlinequiz.OnlineQuizApplication     : Starting OnlineQuizApplication using Java 24.0.1 with PID 9560 (E:\zzzzzzzzzzzz\Online Quiz\backend\target\classes started by msuga in E:\zzzzzzzzzzzz\Online Quiz\backend)
2026-03-26T11:58:27.856+05:30 DEBUG 9560 --- [online-quiz-backend] [main] com.onlinequiz.OnlineQuizApplication     : Running with Spring Boot v3.2.4, Spring v6.1.5
2026-03-26T11:58:27.859+05:30  INFO 9560 --- [online-quiz-backend] [main] com.onlinequiz.OnlineQuizApplication     : No active profile set, falling back to 1 default profile: "default"
2026-03-26T11:58:29.583+05:30  INFO 9560 --- [online-quiz-backend] [main] .s.d.r.c.RepositoryConfigurationDelegate : Bootstrapping Spring Data JPA repositories in DEFAULT mode.
2026-03-26T11:58:29.739+05:30  INFO 9560 --- [online-quiz-backend] [main] .s.d.r.c.RepositoryConfigurationDelegate : Finished Spring Data repository scanning in 136 ms. Found 4 JPA repository interfaces.
2026-03-26T11:58:31.382+05:30  INFO 9560 --- [online-quiz-backend] [main] o.s.b.w.embedded.tomcat.TomcatWebServer  : Tomcat initialized with port 8080 (http)
2026-03-26T11:58:31.423+05:30  INFO 9560 --- [online-quiz-backend] [main] o.apache.catalina.core.StandardService   : Starting service [Tomcat]
2026-03-26T11:58:31.425+05:30  INFO 9560 --- [online-quiz-backend] [main] o.apache.catalina.core.StandardEngine    : Starting Servlet engine: [Apache Tomcat/10.1.19]
2026-03-26T11:58:31.603+05:30  INFO 9560 --- [online-quiz-backend] [main] o.a.c.c.C.[Tomcat].[localhost].[/]       : Initializing Spring embedded WebApplicationContext
2026-03-26T11:58:31.604+05:30  INFO 9560 --- [online-quiz-backend] [main] w.s.c.ServletWebServerApplicationContext : Root WebApplicationContext: initialization completed in 3621 ms
2026-03-26T11:58:31.955+05:30  INFO 9560 --- [online-quiz-backend] [main] o.hibernate.jpa.internal.util.LogHelper  : HHH000204: Processing PersistenceUnitInfo [name: default]
2026-03-26T11:58:32.119+05:30  INFO 9560 --- [online-quiz-backend] [main] org.hibernate.Version                    : HHH000412: Hibernate ORM core version 6.4.4.Final
2026-03-26T11:58:32.248+05:30  INFO 9560 --- [online-quiz-backend] [main] o.h.c.internal.RegionFactoryInitiator    : HHH000026: Second-level cache disabled
2026-03-26T11:58:33.027+05:30  INFO 9560 --- [online-quiz-backend] [main] o.s.o.j.p.SpringPersistenceUnitInfo      : No LoadTimeWeaver setup: ignoring JPA class transformer
2026-03-26T11:58:33.100+05:30  INFO 9560 --- [online-quiz-backend] [main] com.zaxxer.hikari.HikariDataSource       : HikariPool-1 - Starting...
2026-03-26T11:58:33.617+05:30  INFO 9560 --- [online-quiz-backend] [main] com.zaxxer.hikari.pool.HikariPool        : HikariPool-1 - Added connection com.mysql.cj.jdbc.ConnectionImpl@4e5c8ef3
2026-03-26T11:58:33.623+05:30  INFO 9560 --- [online-quiz-backend] [main] com.zaxxer.hikari.HikariDataSource       : HikariPool-1 - Start completed.
2026-03-26T11:58:36.314+05:30  INFO 9560 --- [online-quiz-backend] [main] o.h.e.t.j.p.i.JtaPlatformInitiator       : HHH000489: No JTA platform available (set 'hibernate.transaction.jta.platform' to enable JTA platform integration)
2026-03-26T11:58:36.543+05:30  INFO 9560 --- [online-quiz-backend] [main] j.LocalContainerEntityManagerFactoryBean : Initialized JPA EntityManagerFactory for persistence unit 'default'
2026-03-26T11:58:37.390+05:30 DEBUG 9560 --- [online-quiz-backend] [main] com.onlinequiz.security.JwtFilter        : Filter 'jwtFilter' configured for use
2026-03-26T11:58:37.976+05:30  WARN 9560 --- [online-quiz-backend] [main] JpaBaseConfiguration$JpaWebConfiguration : spring.jpa.open-in-view is enabled by default. Therefore, database queries may be performed during view rendering. Explicitly configure spring.jpa.open-in-view to disable this warning
2026-03-26T11:58:38.818+05:30  INFO 9560 --- [online-quiz-backend] [main] o.s.s.web.DefaultSecurityFilterChain     : Will secure any request with [org.springframework.security.web.session.DisableEncodeUrlFilter@7747571c, org.springframework.security.web.context.request.async.WebAsyncManagerIntegrationFilter@69e308e2, org.springframework.security.web.context.SecurityContextHolderFilter@21fa19e4, org.springframework.security.web.header.HeaderWriterFilter@16e3d6d0, org.springframework.web.filter.CorsFilter@3f67f5ff, org.springframework.security.web.authentication.logout.LogoutFilter@209d0037, com.onlinequiz.security.JwtFilter@1bb78ae, org.springframework.security.web.savedrequest.RequestCacheAwareFilter@36a8ebca, org.springframework.security.web.servletapi.SecurityContextHolderAwareRequestFilter@328e687e, org.springframework.security.web.authentication.AnonymousAuthenticationFilter@1c80f8dd, org.springframework.security.web.session.SessionManagementFilter@f73a7cf, org.springframework.security.web.access.ExceptionTranslationFilter@57a0aeb8, org.springframework.security.web.access.intercept.AuthorizationFilter@322593ed]
2026-03-26T11:58:39.479+05:30  INFO 9560 --- [online-quiz-backend] [main] o.s.b.w.embedded.tomcat.TomcatWebServer  : Tomcat started on port 8080 (http) with context path ''
2026-03-26T11:58:39.497+05:30  INFO 9560 --- [online-quiz-backend] [main] com.onlinequiz.OnlineQuizApplication     : Started OnlineQuizApplication in 12.769 seconds (process running for 13.578)
2026-03-26T11:58:39.804+05:30  INFO 9560 --- [online-quiz-backend] [main] com.onlinequiz.config.DataInitializer    : Admin user already exists
2026-03-26T12:00:03.540+05:30  INFO 9560 --- [online-quiz-backend] [http-nio-8080-exec-2] o.a.c.c.C.[Tomcat].[localhost].[/]       : Initializing Spring DispatcherServlet 'dispatcherServlet'
2026-03-26T12:00:03.541+05:30  INFO 9560 --- [online-quiz-backend] [http-nio-8080-exec-2] o.s.web.servlet.DispatcherServlet        : Initializing Servlet 'dispatcherServlet'
2026-03-26T12:00:03.544+05:30  INFO 9560 --- [online-quiz-backend] [http-nio-8080-exec-2] o.s.web.servlet.DispatcherServlet        : Completed initialization in 3 ms
